mode: atomic
github.com/burythehammer/parkrun-scrape/src/scraping/scraper.go:45.38,54.16 3 1
github.com/burythehammer/parkrun-scrape/src/scraping/scraper.go:58.2,58.10 1 1
github.com/burythehammer/parkrun-scrape/src/scraping/scraper.go:54.16,55.13 1 0
github.com/burythehammer/parkrun-scrape/src/scraping/scraper.go:61.73,65.16 3 0
github.com/burythehammer/parkrun-scrape/src/scraping/scraper.go:69.2,74.16 2 0
github.com/burythehammer/parkrun-scrape/src/scraping/scraper.go:65.16,66.13 1 0
github.com/burythehammer/parkrun-scrape/src/scraping/scraper.go:77.74,83.16 3 1
github.com/burythehammer/parkrun-scrape/src/scraping/scraper.go:87.2,93.16 2 1
github.com/burythehammer/parkrun-scrape/src/scraping/scraper.go:83.16,84.13 1 0
github.com/burythehammer/parkrun-scrape/src/scraping/scraper.go:96.76,98.63 2 1
github.com/burythehammer/parkrun-scrape/src/scraping/scraper.go:128.2,129.21 2 1
github.com/burythehammer/parkrun-scrape/src/scraping/scraper.go:98.63,100.54 1 455
github.com/burythehammer/parkrun-scrape/src/scraping/scraper.go:104.3,106.51 2 454
github.com/burythehammer/parkrun-scrape/src/scraping/scraper.go:125.3,125.36 1 454
github.com/burythehammer/parkrun-scrape/src/scraping/scraper.go:100.54,102.4 1 1
github.com/burythehammer/parkrun-scrape/src/scraping/scraper.go:106.51,111.4 1 51
github.com/burythehammer/parkrun-scrape/src/scraping/scraper.go:111.9,123.4 1 403
github.com/burythehammer/parkrun-scrape/src/scraping/scraper.go:132.56,136.87 2 403
github.com/burythehammer/parkrun-scrape/src/scraping/scraper.go:143.2,143.20 1 403
github.com/burythehammer/parkrun-scrape/src/scraping/scraper.go:136.87,138.82 1 403
github.com/burythehammer/parkrun-scrape/src/scraping/scraper.go:138.82,140.4 1 403
github.com/burythehammer/parkrun-scrape/src/scraping/scraper.go:146.32,150.16 2 857
github.com/burythehammer/parkrun-scrape/src/scraping/scraper.go:154.2,154.22 1 857
github.com/burythehammer/parkrun-scrape/src/scraping/scraper.go:150.16,151.13 1 0
